<?xml version="1.0" encoding="UTF-8"?>
<!-- Generated by org.testng.reporters.JUnitReportReporter -->
<testsuite hostname="dell" failures="0" tests="7" name="observr_pom.TestVerification" time="7.133" errors="0" timestamp="2025-05-27T15:38:15 IST" skipped="0">
  <testcase classname="observr_pom.TestVerification" name="verifyTitleAndLogo" time="0.759"/>
  <testcase classname="observr_pom.TestVerification" name="verifyscreenshot_maintext" time="0.938"/>
  <testcase classname="observr_pom.TestVerification" name="verifyvideobtn_loadmorebtn_booksession" time="0.769"/>
  <testcase classname="observr_pom.TestVerification" name="industry" time="2.481"/>
  <testcase classname="observr_pom.TestVerification" name="solutions" time="0.760"/>
  <testcase classname="observr_pom.TestVerification" name="product" time="0.650"/>
  <testcase classname="observr_pom.TestVerification" name="others" time="0.776"/>
</testsuite> <!-- observr_pom.TestVerification -->
