<?xml version="1.0" encoding="UTF-8"?>
<!-- Generated by org.testng.reporters.JUnitReportReporter -->
<testsuite hostname="dell" failures="0" tests="7" name="observr_pom.TestVerification" time="10.785" errors="0" timestamp="2025-06-25T23:59:02 IST" skipped="0">
  <testcase classname="observr_pom.TestVerification" name="verifyTitleAndLogo" time="1.773"/>
  <testcase classname="observr_pom.TestVerification" name="verifyscreenshot_maintext" time="2.450"/>
  <testcase classname="observr_pom.TestVerification" name="verifyvideobtn_loadmorebtn_booksession" time="1.168"/>
  <testcase classname="observr_pom.TestVerification" name="industry" time="0.769"/>
  <testcase classname="observr_pom.TestVerification" name="solutions" time="3.052"/>
  <testcase classname="observr_pom.TestVerification" name="product" time="0.628"/>
  <testcase classname="observr_pom.TestVerification" name="others" time="0.945"/>
</testsuite> <!-- observr_pom.TestVerification -->
