<?xml version="1.0" encoding="UTF-8"?>
<!-- Generated by org.testng.reporters.JUnitReportReporter -->
<testsuite hostname="dell" failures="0" tests="7" name="observr_pom.TestVerification" time="7.161" errors="0" timestamp="2025-07-23T16:02:39 IST" skipped="0">
  <testcase classname="observr_pom.TestVerification" name="verifyTitleAndLogo" time="0.537"/>
  <testcase classname="observr_pom.TestVerification" name="verifyscreenshot_maintext" time="0.812"/>
  <testcase classname="observr_pom.TestVerification" name="verifyvideobtn_loadmorebtn_booksession" time="0.657"/>
  <testcase classname="observr_pom.TestVerification" name="industry" time="0.562"/>
  <testcase classname="observr_pom.TestVerification" name="solutions" time="3.052"/>
  <testcase classname="observr_pom.TestVerification" name="product" time="0.912"/>
  <testcase classname="observr_pom.TestVerification" name="others" time="0.629"/>
</testsuite> <!-- observr_pom.TestVerification -->
