<?xml version="1.0" encoding="UTF-8"?>
<!-- Generated by org.testng.reporters.JUnitReportReporter -->
<testsuite hostname="dell" failures="0" tests="7" name="observr_pom.TestVerification" time="7.805" errors="0" timestamp="2025-07-11T18:51:14 IST" skipped="0">
  <testcase classname="observr_pom.TestVerification" name="verifyTitleAndLogo" time="2.625"/>
  <testcase classname="observr_pom.TestVerification" name="verifyscreenshot_maintext" time="0.909"/>
  <testcase classname="observr_pom.TestVerification" name="verifyvideobtn_loadmorebtn_booksession" time="1.140"/>
  <testcase classname="observr_pom.TestVerification" name="industry" time="0.658"/>
  <testcase classname="observr_pom.TestVerification" name="solutions" time="0.686"/>
  <testcase classname="observr_pom.TestVerification" name="product" time="1.098"/>
  <testcase classname="observr_pom.TestVerification" name="others" time="0.689"/>
</testsuite> <!-- observr_pom.TestVerification -->
