<?xml version="1.0" encoding="UTF-8"?>
<!-- Generated by org.testng.reporters.JUnitReportReporter -->
<testsuite hostname="dell" failures="0" tests="7" name="observr_pom.TestVerification" time="11.169" errors="0" timestamp="2025-07-18T15:21:43 IST" skipped="0">
  <testcase classname="observr_pom.TestVerification" name="verifyTitleAndLogo" time="0.799"/>
  <testcase classname="observr_pom.TestVerification" name="verifyscreenshot_maintext" time="1.122"/>
  <testcase classname="observr_pom.TestVerification" name="verifyvideobtn_loadmorebtn_booksession" time="1.259"/>
  <testcase classname="observr_pom.TestVerification" name="industry" time="1.130"/>
  <testcase classname="observr_pom.TestVerification" name="solutions" time="4.991"/>
  <testcase classname="observr_pom.TestVerification" name="product" time="1.067"/>
  <testcase classname="observr_pom.TestVerification" name="others" time="0.801"/>
</testsuite> <!-- observr_pom.TestVerification -->
